
> gopeakerp@0.1.0 dev
> next dev -p 3001

▲ Next.js 16.1.6 (Turbopack)
- Local:         http://localhost:3001
- Network:       http://192.168.31.236:3001
- Environments: .env

✓ Starting...
⚠ The "middleware" file convention is deprecated. Please use "proxy" instead. Learn more: https://nextjs.org/docs/messages/middleware-to-proxy
✓ Ready in 997ms
 GET /hr/departments 200 in 474ms (compile: 265ms, proxy.ts: 74ms, render: 135ms)
 GET /api/auth/session 200 in 612ms (compile: 603ms, render: 9ms)
 GET /api/hr/departments 200 in 754ms (compile: 194ms, render: 560ms)
 GET /hr 200 in 523ms (compile: 25ms, proxy.ts: 10ms, render: 488ms)
 GET /hr 200 in 236ms (compile: 2ms, proxy.ts: 5ms, render: 229ms)
 DELETE /api/hr/employees/cmmatn4t30002sb69so5j2ju0 200 in 983ms (compile: 579ms, render: 404ms)
 GET /hr 200 in 522ms (compile: 3ms, proxy.ts: 5ms, render: 514ms)
 GET /hr/cmmax200s0002sbzzow6z737h 200 in 304ms (compile: 283ms, proxy.ts: 8ms, render: 12ms)
 GET /api/hr/employees 200 in 472ms (compile: 44ms, render: 427ms)
 GET /api/hr/employees 200 in 133ms (compile: 2ms, render: 131ms)
 PUT /api/hr/employees/cmmax200s0002sbzzow6z737h 200 in 1027ms (compile: 6ms, render: 1022ms)
 GET /hr 200 in 140ms (compile: 4ms, proxy.ts: 7ms, render: 128ms)
 GET /hr 200 in 906ms (compile: 2ms, proxy.ts: 3ms, render: 900ms)
 GET /hr/departments 200 in 30ms (compile: 6ms, proxy.ts: 7ms, render: 17ms)
 GET /api/hr/departments 200 in 153ms (compile: 3ms, render: 150ms)
 GET /hr 200 in 531ms (compile: 3ms, proxy.ts: 9ms, render: 520ms)
 GET /dashboard 200 in 901ms (compile: 80ms, proxy.ts: 14ms, render: 806ms)
 GET /dashboard 200 in 413ms (compile: 3ms, proxy.ts: 6ms, render: 405ms)
 GET /hr 200 in 486ms (compile: 8ms, proxy.ts: 5ms, render: 473ms)
 GET /hr/departments 200 in 17ms (compile: 3ms, proxy.ts: 3ms, render: 10ms)
 GET /api/hr/departments 200 in 97ms (compile: 3ms, render: 94ms)
✓ Compiled in 374ms
 GET /api/hr/departments 200 in 198ms (compile: 15ms, render: 183ms)
 GET /api/auth/session 200 in 14ms (compile: 6ms, render: 8ms)
 GET /api/hr/departments 200 in 172ms (compile: 7ms, render: 166ms)
 GET /hr 200 in 543ms (compile: 3ms, proxy.ts: 6ms, render: 534ms)
 GET /hr/cmmax200s0002sbzzow6z737h 200 in 89ms (compile: 68ms, proxy.ts: 10ms, render: 12ms)
 GET /api/hr/departments 200 in 96ms (compile: 1493µs, render: 95ms)
 GET /api/hr/employees 200 in 412ms (compile: 2ms, render: 410ms)
 GET /api/hr/employees 200 in 365ms (compile: 9ms, render: 356ms)
 PUT /api/hr/employees/cmmax200s0002sbzzow6z737h 200 in 1143ms (compile: 45ms, render: 1098ms)
 GET /hr 200 in 366ms (compile: 4ms, proxy.ts: 6ms, render: 356ms)
 GET /hr 200 in 504ms (compile: 1867µs, proxy.ts: 3ms, render: 500ms)
 GET /hr/departments 200 in 18ms (compile: 3ms, proxy.ts: 3ms, render: 12ms)
 GET /api/hr/departments 200 in 167ms (compile: 1922µs, render: 165ms)
 GET /hr/payroll 200 in 87ms (compile: 70ms, proxy.ts: 6ms, render: 11ms)
 GET /api/hr/payroll?month=2026-03 200 in 191ms (compile: 43ms, render: 147ms)
 GET /hr/leave 200 in 109ms (compile: 93ms, proxy.ts: 3ms, render: 13ms)
 GET /api/hr/leave 200 in 173ms (compile: 34ms, render: 139ms)
 GET /hr/payroll 200 in 24ms (compile: 3ms, proxy.ts: 10ms, render: 11ms)
 GET /hr/departments 200 in 16ms (compile: 1584µs, proxy.ts: 3ms, render: 11ms)
 GET /api/hr/departments 200 in 45ms (compile: 1669µs, render: 43ms)
 GET /hr 200 in 431ms (compile: 3ms, proxy.ts: 6ms, render: 422ms)
 GET /hr/create 200 in 61ms (compile: 40ms, proxy.ts: 7ms, render: 14ms)
 GET /api/hr/departments 200 in 61ms (compile: 5ms, render: 56ms)
 GET /api/auth/session 200 in 18ms (compile: 6ms, render: 13ms)
 GET /api/hr/departments 200 in 169ms (compile: 9ms, render: 160ms)
 GET /api/hr/departments 200 in 519ms (compile: 35ms, render: 483ms)
 GET /api/auth/session 200 in 16ms (compile: 9ms, render: 7ms)
 GET /api/hr/departments 200 in 589ms (compile: 25ms, render: 564ms)
 GET /hr 200 in 728ms (compile: 5ms, proxy.ts: 5ms, render: 718ms)
 GET /dashboard 200 in 779ms (compile: 6ms, proxy.ts: 6ms, render: 767ms)
 GET /dashboard 200 in 956ms (compile: 2ms, proxy.ts: 3ms, render: 951ms)
 GET /dashboard 200 in 347ms (compile: 2ms, proxy.ts: 4ms, render: 341ms)
 GET /hr 200 in 482ms (compile: 3ms, proxy.ts: 4ms, render: 475ms)
 GET /hr/departments 200 in 35ms (compile: 5ms, proxy.ts: 11ms, render: 19ms)
 GET /api/hr/departments 200 in 166ms (compile: 39ms, render: 127ms)
 GET /hr 200 in 575ms (compile: 4ms, proxy.ts: 4ms, render: 568ms)
 GET /hr/departments 200 in 22ms (compile: 4ms, proxy.ts: 6ms, render: 13ms)
 GET /api/hr/departments 200 in 47ms (compile: 2ms, render: 45ms)
 GET /hr 200 in 581ms (compile: 3ms, proxy.ts: 6ms, render: 572ms)
 GET /hr 200 in 955ms (compile: 19ms, proxy.ts: 9ms, render: 926ms)
 GET /api/auth/session 200 in 31ms (compile: 9ms, render: 22ms)
 GET /dashboard 200 in 536ms (compile: 3ms, proxy.ts: 6ms, render: 527ms)
 GET /api/auth/session 200 in 34ms (compile: 21ms, render: 13ms)
 GET /dashboard 200 in 2.0s (compile: 3ms, proxy.ts: 5ms, render: 2.0s)
 GET /api/auth/session 200 in 16ms (compile: 6ms, render: 10ms)
 GET /hr 200 in 806ms (compile: 3ms, proxy.ts: 4ms, render: 799ms)
[?25h
